Day 0 99.0 0.00  23515.0 0.00  99.0 0.00  0.0 0.00  0.0 0.00  0.4 0.00  23614
Day 1 120.0 0.00  23494.0 0.00  40.0 0.00  80.0 0.00  0.0 0.00  0.5 0.00  23614
Day 2 153.0 0.00  23461.0 0.00  38.0 0.00  115.0 0.00  0.0 0.00  0.7 0.00  23614
Day 3 189.0 0.00  23425.0 0.00  39.0 0.00  150.0 0.00  0.0 0.00  0.8 0.00  23614
Day 4 195.0 0.00  23398.0 0.00  32.0 0.00  163.0 0.00  21.0 0.00  0.9 0.00  23614
Day 5 173.0 0.00  23367.0 0.00  38.0 0.00  135.0 0.00  74.0 0.00  1.1 0.00  23614
Day 6 183.0 0.00  23323.0 0.00  49.0 0.00  134.0 0.00  108.0 0.00  1.2 0.00  23614
Day 7 190.0 0.00  23283.0 0.00  50.0 0.00  140.0 0.00  141.0 0.00  1.4 0.00  23614
Day 8 193.0 0.00  23246.0 0.00  46.0 0.00  147.0 0.00  175.0 0.00  1.6 0.00  23614
Day 9 189.0 0.00  23222.0 0.00  31.0 0.00  158.0 0.00  203.0 0.00  1.7 0.00  23614
Day 10 180.0 0.00  23195.0 0.00  33.0 0.00  147.0 0.00  239.0 0.00  1.8 0.00  23614
Day 11 161.0 0.00  23167.0 0.00  31.0 0.00  130.0 0.00  286.0 0.00  1.9 0.00  23614
Day 12 146.0 0.00  23151.0 0.00  23.0 0.00  123.0 0.00  317.0 0.00  2.0 0.00  23614
Day 13 137.0 0.00  23121.0 0.00  34.0 0.00  103.0 0.00  356.0 0.00  2.1 0.00  23614
Day 14 146.0 0.00  23080.0 0.00  50.0 0.00  96.0 0.00  388.0 0.00  2.3 0.00  23614
Day 15 142.0 0.00  23057.0 0.00  29.0 0.00  113.0 0.00  415.0 0.00  2.4 0.00  23614
Day 16 138.0 0.00  23036.0 0.00  27.0 0.00  111.0 0.00  440.0 0.00  2.5 0.00  23614
Day 17 142.0 0.00  23011.0 0.00  26.0 0.00  116.0 0.00  461.0 0.00  2.5 0.00  23614
Day 18 131.0 0.00  22995.0 0.00  23.0 0.00  108.0 0.00  488.0 0.00  2.6 0.00  23614
Day 19 125.0 0.00  22973.0 0.00  26.0 0.00  99.0 0.00  516.0 0.00  2.7 0.00  23614
Day 20 123.0 0.00  22948.0 0.00  29.0 0.00  94.0 0.00  543.0 0.00  2.8 0.00  23614
Day 21 120.0 0.00  22921.0 0.00  34.0 0.00  86.0 0.00  573.0 0.00  2.9 0.00  23614
Day 22 117.0 0.00  22904.0 0.00  24.0 0.00  93.0 0.00  593.0 0.00  3.0 0.00  23614
Day 23 126.0 0.00  22875.0 0.00  34.0 0.00  92.0 0.00  613.0 0.00  3.1 0.00  23614
Day 24 123.0 0.00  22859.0 0.00  24.0 0.00  99.0 0.00  632.0 0.00  3.2 0.00  23614
Day 25 120.0 0.00  22837.0 0.00  24.0 0.00  96.0 0.00  657.0 0.00  3.3 0.00  23614
Day 26 122.0 0.00  22815.0 0.00  26.0 0.00  96.0 0.00  677.0 0.00  3.4 0.00  23614
Day 27 131.0 0.00  22783.0 0.00  41.0 0.00  90.0 0.00  700.0 0.00  3.5 0.00  23614
Day 28 136.0 0.00  22750.0 0.00  41.0 0.00  95.0 0.00  728.0 0.00  3.7 0.00  23614
Day 29 129.0 0.00  22730.0 0.00  30.0 0.00  99.0 0.00  755.0 0.00  3.7 0.00  23614
Day 30 132.0 0.00  22709.0 0.00  26.0 0.00  106.0 0.00  773.0 0.00  3.8 0.00  23614
Day 31 131.0 0.00  22692.0 0.00  22.0 0.00  109.0 0.00  791.0 0.00  3.9 0.00  23614
Day 32 113.0 0.00  22676.0 0.00  18.0 0.00  95.0 0.00  825.0 0.00  4.0 0.00  23614
Day 33 107.0 0.00  22660.0 0.00  19.0 0.00  88.0 0.00  847.0 0.00  4.0 0.00  23614
Day 34 112.0 0.00  22631.0 0.00  32.0 0.00  80.0 0.00  871.0 0.00  4.2 0.00  23614
Day 35 116.0 0.00  22598.0 0.00  40.0 0.00  76.0 0.00  900.0 0.00  4.3 0.00  23614
Day 36 115.0 0.00  22584.0 0.00  23.0 0.00  92.0 0.00  915.0 0.00  4.4 0.00  23614
Day 37 108.0 0.00  22571.0 0.00  18.0 0.00  90.0 0.00  935.0 0.00  4.4 0.00  23614
Day 38 102.0 0.00  22559.0 0.00  15.0 0.00  87.0 0.00  953.0 0.00  4.5 0.00  23614
Day 39 95.0 0.00  22543.0 0.00  18.0 0.00  77.0 0.00  976.0 0.00  4.5 0.00  23614
Day 40 81.0 0.00  22531.0 0.00  13.0 0.00  68.0 0.00  1002.0 0.00  4.6 0.00  23614
Day 41 83.0 0.00  22509.0 0.00  26.0 0.00  57.0 0.00  1022.0 0.00  4.7 0.00  23614
Day 42 87.0 0.00  22492.0 0.00  22.0 0.00  65.0 0.00  1035.0 0.00  4.8 0.00  23614
Day 43 89.0 0.00  22476.0 0.00  24.0 0.00  65.0 0.00  1049.0 0.00  4.8 0.00  23614
Day 44 102.0 0.00  22451.0 0.00  27.0 0.00  75.0 0.00  1061.0 0.00  4.9 0.00  23614
Day 45 97.0 0.00  22438.0 0.00  15.0 0.00  82.0 0.00  1079.0 0.00  5.0 0.00  23614
Day 46 93.0 0.00  22426.0 0.00  14.0 0.00  79.0 0.00  1095.0 0.00  5.0 0.00  23614
Day 47 93.0 0.00  22410.0 0.00  17.0 0.00  76.0 0.00  1111.0 0.00  5.1 0.00  23614
Day 48 86.0 0.00  22392.0 0.00  22.0 0.00  64.0 0.00  1136.0 0.00  5.2 0.00  23614
